#
# A fatal error has been detected by the Java Runtime Environment:
#
#  EXCEPTION_ACCESS_VIOLATION (0xc0000005) at pc=0x0000000024efa557, pid=9252, tid=0x0000000000002fc8
#
# JRE version: Java(TM) SE Runtime Environment (8.0_161-b12) (build 1.8.0_161-b12)
# Java VM: Java HotSpot(TM) 64-Bit Server VM (25.161-b12 mixed mode windows-amd64 compressed oops)
# Problematic frame:
# C  0x0000000024efa557
#
# Failed to write core dump. Minidumps are not enabled by default on client versions of Windows
#
# If you would like to submit a bug report, please visit:
#   http://bugreport.java.com/bugreport/crash.jsp
# The crash happened outside the Java Virtual Machine in native code.
# See problematic frame for where to report the bug.
#

---------------  T H R E A D  ---------------

Current thread (0x00000000188c7000):  JavaThread "JavaFX Application Thread" [_thread_in_native, id=12232, stack(0x0000000019d70000,0x0000000019e70000)]

siginfo: ExceptionCode=0xc0000005, reading address 0x000000000000000c

Registers:
RAX=0x0000000000000000, RBX=0x0000000019e6bce0, RCX=0x0000000000000000, RDX=0x0000000000000000
RSP=0x0000000019e6bc70, RBP=0x0000000000000000, RSI=0x000000001bdb4010, RDI=0x00000000256ced30
R8 =0x0000000000000000, R9 =0x0000000000000000, R10=0xe47260615e737764, R11=0x8101010101010100
R12=0x0000000000000000, R13=0x0000000000000000, R14=0x0000000019e6c010, R15=0x00000000188c7000
RIP=0x0000000024efa557, EFLAGS=0x0000000000010246

Top of Stack: (sp=0x0000000019e6bc70)
0x0000000019e6bc70:   0000000000000000 0000000000000000
0x0000000019e6bc80:   0000000000000000 00000000256e2e10
0x0000000019e6bc90:   00000000256dbd90 00000000256de0d0
0x0000000019e6bca0:   0000000000000000 0000000019e6bcf0
0x0000000019e6bcb0:   00000000256e29c0 000000001bce6850
0x0000000019e6bcc0:   0000000000000000 0000000025061ccf
0x0000000019e6bcd0:   0000000000000000 0000000019e6bda0
0x0000000019e6bce0:   00000000256ced30 0000000000000000
0x0000000019e6bcf0:   0000000000000000 0000000000000000
0x0000000019e6bd00:   000000001bcea510 000000001bce6850
0x0000000019e6bd10:   00000000256de0d0 000000002310c640
0x0000000019e6bd20:   000000001bce6850 00000000256de0d0
0x0000000019e6bd30:   00000000256ced38 00000000256de0d0
0x0000000019e6bd40:   00000000256de0d0 00000000256de0d0
0x0000000019e6bd50:   0000000000000000 00000000256de0d0
0x0000000019e6bd60:   0000000019e6bd00 00000000256de0f8 

Instructions: (pc=0x0000000024efa557)
0x0000000024efa537:   00 83 bc 24 e8 01 00 00 01 0f 84 2f fc ff ff e9
0x0000000024efa547:   f1 fa ff ff 0f 1f 44 00 00 48 8b 86 40 0b 00 00
0x0000000024efa557:   80 78 0c 00 0f 84 c1 fd ff ff 48 89 f1 e8 e7 7a
0x0000000024efa567:   10 00 e9 b4 fd ff ff 48 89 fa 48 89 f1 e8 a7 72 


Register to memory mapping:

RAX=0x0000000000000000 is an unknown value
RBX=0x0000000019e6bce0 is pointing into the stack for thread: 0x00000000188c7000
RCX=0x0000000000000000 is an unknown value
RDX=0x0000000000000000 is an unknown value
RSP=0x0000000019e6bc70 is pointing into the stack for thread: 0x00000000188c7000
RBP=0x0000000000000000 is an unknown value
RSI=0x000000001bdb4010 is an unknown value
RDI=0x00000000256ced30 is an unknown value
R8 =0x0000000000000000 is an unknown value
R9 =0x0000000000000000 is an unknown value
R10=0xe47260615e737764 is an unknown value
R11=0x8101010101010100 is an unknown value
R12=0x0000000000000000 is an unknown value
R13=0x0000000000000000 is an unknown value
R14=0x0000000019e6c010 is pointing into the stack for thread: 0x00000000188c7000
R15=0x00000000188c7000 is a thread


Stack: [0x0000000019d70000,0x0000000019e70000],  sp=0x0000000019e6bc70,  free space=1007k
Native frames: (J=compiled Java code, j=interpreted, Vv=VM code, C=native code)

Java frames: (J=compiled Java code, j=interpreted, Vv=VM code)
j  org.bytedeco.javacpp.tesseract$TessBaseAPI.GetUTF8Text()Lorg/bytedeco/javacpp/BytePointer;+0
j  sample.TextHandler.<init>(Ljava/lang/String;)V+47
j  sample.Controller.load_file()V+66
v  ~StubRoutines::call_stub
j  sun.reflect.NativeMethodAccessorImpl.invoke0(Ljava/lang/reflect/Method;Ljava/lang/Object;[Ljava/lang/Object;)Ljava/lang/Object;+0
j  sun.reflect.NativeMethodAccessorImpl.invoke(Ljava/lang/Object;[Ljava/lang/Object;)Ljava/lang/Object;+100
j  sun.reflect.DelegatingMethodAccessorImpl.invoke(Ljava/lang/Object;[Ljava/lang/Object;)Ljava/lang/Object;+6
j  java.lang.reflect.Method.invoke(Ljava/lang/Object;[Ljava/lang/Object;)Ljava/lang/Object;+56
j  sun.reflect.misc.Trampoline.invoke(Ljava/lang/reflect/Method;Ljava/lang/Object;[Ljava/lang/Object;)Ljava/lang/Object;+7
j  sun.reflect.GeneratedMethodAccessor1.invoke(Ljava/lang/Object;[Ljava/lang/Object;)Ljava/lang/Object;+40
j  sun.reflect.DelegatingMethodAccessorImpl.invoke(Ljava/lang/Object;[Ljava/lang/Object;)Ljava/lang/Object;+6
j  java.lang.reflect.Method.invoke(Ljava/lang/Object;[Ljava/lang/Object;)Ljava/lang/Object;+56
j  sun.reflect.misc.MethodUtil.invoke(Ljava/lang/reflect/Method;Ljava/lang/Object;[Ljava/lang/Object;)Ljava/lang/Object;+20
j  javafx.fxml.FXMLLoader$MethodHandler.invoke([Ljava/lang/Object;)V+38
j  javafx.fxml.FXMLLoader$ControllerMethodEventHandler.handle(Ljavafx/event/Event;)V+12
j  com.sun.javafx.event.CompositeEventHandler.dispatchBubblingEvent(Ljavafx/event/Event;)V+51
J 1211 C1 com.sun.javafx.event.EventHandlerManager.dispatchBubblingEvent(Ljavafx/event/EventType;Ljavafx/event/Event;)Ljavafx/event/Event; (34 bytes) @ 0x00000000032eedec [0x00000000032ee880+0x56c]
j  com.sun.javafx.event.EventHandlerManager.dispatchBubblingEvent(Ljavafx/event/Event;)Ljavafx/event/Event;+8
j  com.sun.javafx.event.CompositeEventDispatcher.dispatchBubblingEvent(Ljavafx/event/Event;)Ljavafx/event/Event;+11
j  com.sun.javafx.event.BasicEventDispatcher.dispatchEvent(Ljavafx/event/Event;Ljavafx/event/EventDispatchChain;)Ljavafx/event/Event;+29
J 1216 C1 com.sun.javafx.event.EventDispatchChainImpl.dispatchEvent(Ljavafx/event/Event;)Ljavafx/event/Event; (101 bytes) @ 0x00000000032eca74 [0x00000000032ec8c0+0x1b4]
j  com.sun.javafx.event.BasicEventDispatcher.dispatchEvent(Ljavafx/event/Event;Ljavafx/event/EventDispatchChain;)Ljavafx/event/Event;+17
J 1216 C1 com.sun.javafx.event.EventDispatchChainImpl.dispatchEvent(Ljavafx/event/Event;)Ljavafx/event/Event; (101 bytes) @ 0x00000000032eca74 [0x00000000032ec8c0+0x1b4]
j  com.sun.javafx.event.BasicEventDispatcher.dispatchEvent(Ljavafx/event/Event;Ljavafx/event/EventDispatchChain;)Ljavafx/event/Event;+17
J 1216 C1 com.sun.javafx.event.EventDispatchChainImpl.dispatchEvent(Ljavafx/event/Event;)Ljavafx/event/Event; (101 bytes) @ 0x00000000032eca74 [0x00000000032ec8c0+0x1b4]
j  com.sun.javafx.event.EventUtil.fireEventImpl(Ljavafx/event/EventDispatchChain;Ljavafx/event/EventTarget;Ljavafx/event/Event;)Ljavafx/event/Event;+10
j  com.sun.javafx.event.EventUtil.fireEvent(Ljavafx/event/EventTarget;Ljavafx/event/Event;)Ljavafx/event/Event;+46
j  javafx.event.Event.fireEvent(Ljavafx/event/EventTarget;Ljavafx/event/Event;)V+30
j  javafx.scene.Scene$ClickGenerator.postProcess(Ljavafx/scene/input/MouseEvent;Ljavafx/scene/Scene$TargetWrapper;Ljavafx/scene/Scene$TargetWrapper;)V+254
j  javafx.scene.Scene$ClickGenerator.access$8100(Ljavafx/scene/Scene$ClickGenerator;Ljavafx/scene/input/MouseEvent;Ljavafx/scene/Scene$TargetWrapper;Ljavafx/scene/Scene$TargetWrapper;)V+4
j  javafx.scene.Scene$MouseHandler.process(Ljavafx/scene/input/MouseEvent;Z)V+538
j  javafx.scene.Scene$MouseHandler.access$1500(Ljavafx/scene/Scene$MouseHandler;Ljavafx/scene/input/MouseEvent;Z)V+3
j  javafx.scene.Scene.impl_processMouseEvent(Ljavafx/scene/input/MouseEvent;)V+6
j  javafx.scene.Scene$ScenePeerListener.mouseEvent(Ljavafx/event/EventType;DDDDLjavafx/scene/input/MouseButton;ZZZZZZZZZ)V+46
j  com.sun.javafx.tk.quantum.GlassViewEventHandler$MouseEventNotification.run()Ljava/lang/Void;+571
j  com.sun.javafx.tk.quantum.GlassViewEventHandler$MouseEventNotification.run()Ljava/lang/Object;+1
v  ~StubRoutines::call_stub
j  java.security.AccessController.doPrivileged(Ljava/security/PrivilegedAction;Ljava/security/AccessControlContext;)Ljava/lang/Object;+0
j  com.sun.javafx.tk.quantum.GlassViewEventHandler.lambda$handleMouseEvent$353()Ljava/lang/Void;+11
j  com.sun.javafx.tk.quantum.GlassViewEventHandler$$Lambda$209.get()Ljava/lang/Object;+4
j  com.sun.javafx.tk.quantum.QuantumToolkit.runWithoutRenderLock(Ljava/util/function/Supplier;)Ljava/lang/Object;+18
j  com.sun.javafx.tk.quantum.GlassViewEventHandler.handleMouseEvent(Lcom/sun/glass/ui/View;JIIIIIIIZZ)V+103
j  com.sun.glass.ui.View.handleMouseEvent(JIIIIIIIZZ)V+30
j  com.sun.glass.ui.View.notifyMouse(IIIIIIIZZ)V+181
v  ~StubRoutines::call_stub
j  com.sun.glass.ui.win.WinApplication._runLoop(Ljava/lang/Runnable;)V+0
j  com.sun.glass.ui.win.WinApplication.lambda$null$147(ILjava/lang/Runnable;)V+8
j  com.sun.glass.ui.win.WinApplication$$Lambda$37.run()V+12
j  java.lang.Thread.run()V+11
v  ~StubRoutines::call_stub

---------------  P R O C E S S  ---------------

Java Threads: ( => current thread )
  0x0000000018e01800 JavaThread "Prism Font Disposer" daemon [_thread_blocked, id=12180, stack(0x000000001de70000,0x000000001df70000)]
  0x0000000018944800 JavaThread "Thread-3" daemon [_thread_in_native, id=1484, stack(0x000000001b8c0000,0x000000001b9c0000)]
  0x000000001844e800 JavaThread "JavaFX-Launcher" [_thread_blocked, id=9144, stack(0x000000001b9c0000,0x000000001bac0000)]
=>0x00000000188c7000 JavaThread "JavaFX Application Thread" [_thread_in_native, id=12232, stack(0x0000000019d70000,0x0000000019e70000)]
  0x00000000188c4800 JavaThread "Thread-1" daemon [_thread_blocked, id=12256, stack(0x0000000019c70000,0x0000000019d70000)]
  0x000000001841c000 JavaThread "QuantumRenderer-0" daemon [_thread_blocked, id=12216, stack(0x00000000190c0000,0x00000000191c0000)]
  0x0000000018088800 JavaThread "Service Thread" daemon [_thread_blocked, id=6908, stack(0x0000000018450000,0x0000000018550000)]
  0x00000000166fd000 JavaThread "C1 CompilerThread2" daemon [_thread_blocked, id=5112, stack(0x0000000017f50000,0x0000000018050000)]
  0x00000000166f6000 JavaThread "C2 CompilerThread1" daemon [_thread_blocked, id=12284, stack(0x0000000017e50000,0x0000000017f50000)]
  0x00000000166ef000 JavaThread "C2 CompilerThread0" daemon [_thread_blocked, id=12280, stack(0x0000000017d50000,0x0000000017e50000)]
  0x00000000166ed800 JavaThread "Attach Listener" daemon [_thread_blocked, id=12276, stack(0x0000000017c50000,0x0000000017d50000)]
  0x00000000166ec000 JavaThread "Signal Dispatcher" daemon [_thread_blocked, id=12272, stack(0x0000000017b50000,0x0000000017c50000)]
  0x00000000166da800 JavaThread "Finalizer" daemon [_thread_blocked, id=12268, stack(0x0000000017940000,0x0000000017a40000)]
  0x0000000002eb0000 JavaThread "Reference Handler" daemon [_thread_blocked, id=12264, stack(0x0000000017840000,0x0000000017940000)]
  0x0000000002dbd800 JavaThread "main" [_thread_blocked, id=12212, stack(0x0000000002bd0000,0x0000000002cd0000)]

Other Threads:
  0x00000000166b7000 VMThread [stack: 0x0000000017740000,0x0000000017840000] [id=12260]
  0x000000001674d800 WatcherThread [stack: 0x00000000186a0000,0x00000000187a0000] [id=12208]

VM state:not at safepoint (normal execution)

VM Mutex/Monitor currently owned by a thread: None

Heap:
 PSYoungGen      total 28160K, used 21051K [0x00000000e0b80000, 0x00000000e2a80000, 0x0000000100000000)
  eden space 24576K, 71% used [0x00000000e0b80000,0x00000000e1c92cc0,0x00000000e2380000)
  from space 3584K, 99% used [0x00000000e2380000,0x00000000e26fc050,0x00000000e2700000)
  to   space 3584K, 0% used [0x00000000e2700000,0x00000000e2700000,0x00000000e2a80000)
 ParOldGen       total 64512K, used 144K [0x00000000a2200000, 0x00000000a6100000, 0x00000000e0b80000)
  object space 64512K, 0% used [0x00000000a2200000,0x00000000a2224010,0x00000000a6100000)
 Metaspace       used 17712K, capacity 18472K, committed 18816K, reserved 1064960K
  class space    used 2410K, capacity 2619K, committed 2688K, reserved 1048576K

Card table byte_map: [0x0000000012280000,0x0000000012570000] byte_map_base: 0x0000000011d6f000

Marking Bits: (ParMarkBitMap*) 0x00000000690af860
 Begin Bits: [0x0000000012b70000, 0x00000000142e8000)
 End Bits:   [0x00000000142e8000, 0x0000000015a60000)

Polling page: 0x0000000000d20000

CodeCache: size=245760Kb used=5089Kb max_used=5094Kb free=240670Kb
 bounds [0x0000000002ec0000, 0x00000000033c0000, 0x0000000011ec0000]
 total_blobs=2273 nmethods=1415 adapters=771
 compilation: enabled

Compilation events (10 events):
Event: 10.943 Thread 0x00000000166fd000 nmethod 1410 0x000000000339d810 code [0x000000000339d9a0, 0x000000000339dd08]
Event: 10.943 Thread 0x00000000166fd000 1411   !   3       com.sun.proxy.$Proxy8::link (29 bytes)
Event: 10.944 Thread 0x00000000166fd000 nmethod 1411 0x000000000339d090 code [0x000000000339d220, 0x000000000339d5f8]
Event: 10.944 Thread 0x00000000166fd000 1413       3       java.lang.Class::resolveName (99 bytes)
Event: 10.944 Thread 0x00000000166fd000 nmethod 1413 0x00000000033b7450 code [0x00000000033b76e0, 0x00000000033b8938]
Event: 10.946 Thread 0x00000000166ef000 nmethod 1412 0x000000000339cc50 code [0x000000000339cda0, 0x000000000339cf98]
Event: 10.950 Thread 0x00000000166fd000 1414       3       java.lang.Class::getResource (26 bytes)
Event: 10.951 Thread 0x00000000166fd000 nmethod 1414 0x00000000033bb090 code [0x00000000033bb280, 0x00000000033bba38]
Event: 10.971 Thread 0x00000000166fd000 1415   !   3       java.lang.ClassLoader::findNative (86 bytes)
Event: 10.972 Thread 0x00000000166fd000 nmethod 1415 0x00000000033ba290 code [0x00000000033ba440, 0x00000000033bacf8]

GC Heap History (2 events):
Event: 1.509 GC heap before
{Heap before GC invocations=1 (full 0):
 PSYoungGen      total 28160K, used 24576K [0x00000000e0b80000, 0x00000000e2a80000, 0x0000000100000000)
  eden space 24576K, 100% used [0x00000000e0b80000,0x00000000e2380000,0x00000000e2380000)
  from space 3584K, 0% used [0x00000000e2700000,0x00000000e2700000,0x00000000e2a80000)
  to   space 3584K, 0% used [0x00000000e2380000,0x00000000e2380000,0x00000000e2700000)
 ParOldGen       total 64512K, used 0K [0x00000000a2200000, 0x00000000a6100000, 0x00000000e0b80000)
  object space 64512K, 0% used [0x00000000a2200000,0x00000000a2200000,0x00000000a6100000)
 Metaspace       used 13380K, capacity 13798K, committed 13824K, reserved 1060864K
  class space    used 1884K, capacity 2031K, committed 2048K, reserved 1048576K
Event: 1.517 GC heap after
Heap after GC invocations=1 (full 0):
 PSYoungGen      total 28160K, used 3568K [0x00000000e0b80000, 0x00000000e2a80000, 0x0000000100000000)
  eden space 24576K, 0% used [0x00000000e0b80000,0x00000000e0b80000,0x00000000e2380000)
  from space 3584K, 99% used [0x00000000e2380000,0x00000000e26fc050,0x00000000e2700000)
  to   space 3584K, 0% used [0x00000000e2700000,0x00000000e2700000,0x00000000e2a80000)
 ParOldGen       total 64512K, used 144K [0x00000000a2200000, 0x00000000a6100000, 0x00000000e0b80000)
  object space 64512K, 0% used [0x00000000a2200000,0x00000000a2224010,0x00000000a6100000)
 Metaspace       used 13380K, capacity 13798K, committed 13824K, reserved 1060864K
  class space    used 1884K, capacity 2031K, committed 2048K, reserved 1048576K
}

Deoptimization events (10 events):
Event: 1.389 Thread 0x00000000188c7000 Uncommon trap: reason=class_check action=maybe_recompile pc=0x0000000002fdab68 method=java.lang.String.equals(Ljava/lang/Object;)Z @ 8
Event: 1.389 Thread 0x00000000188c7000 Uncommon trap: reason=class_check action=maybe_recompile pc=0x0000000002fdab68 method=java.lang.String.equals(Ljava/lang/Object;)Z @ 8
Event: 1.393 Thread 0x00000000188c7000 Uncommon trap: reason=class_check action=maybe_recompile pc=0x0000000002fdab68 method=java.lang.String.equals(Ljava/lang/Object;)Z @ 8
Event: 1.434 Thread 0x00000000188c7000 Uncommon trap: reason=unstable_if action=reinterpret pc=0x00000000031c2dac method=java.lang.String.regionMatches(ZILjava/lang/String;II)Z @ 123
Event: 1.592 Thread 0x00000000188c7000 Uncommon trap: reason=unstable_if action=reinterpret pc=0x00000000031976b4 method=sun.net.www.ParseUtil.encodePath(Ljava/lang/String;Z)Ljava/lang/String; @ 109
Event: 2.765 Thread 0x00000000188c7000 Uncommon trap: reason=unstable_if action=reinterpret pc=0x00000000032421a8 method=jdk.internal.org.objectweb.asm.Type.getArgumentsAndReturnSizes(Ljava/lang/String;)I @ 47
Event: 6.584 Thread 0x00000000188c7000 Uncommon trap: reason=class_check action=maybe_recompile pc=0x00000000032ab0f0 method=java.util.HashMap.putVal(ILjava/lang/Object;Ljava/lang/Object;ZZ)Ljava/lang/Object; @ 253
Event: 6.594 Thread 0x00000000188c7000 Uncommon trap: reason=class_check action=maybe_recompile pc=0x00000000032ab0f0 method=java.util.HashMap.putVal(ILjava/lang/Object;Ljava/lang/Object;ZZ)Ljava/lang/Object; @ 253
Event: 6.595 Thread 0x00000000188c7000 Uncommon trap: reason=class_check action=maybe_recompile pc=0x00000000032ab190 method=java.util.HashMap.putVal(ILjava/lang/Object;Ljava/lang/Object;ZZ)Ljava/lang/Object; @ 203
Event: 6.595 Thread 0x00000000188c7000 Uncommon trap: reason=class_check action=maybe_recompile pc=0x00000000032ab0f0 method=java.util.HashMap.putVal(ILjava/lang/Object;Ljava/lang/Object;ZZ)Ljava/lang/Object; @ 253

Classes redefined (0 events):
No events

Internal exceptions (10 events):
Event: 10.904 Thread 0x00000000188c7000 Exception <a 'java/lang/UnsatisfiedLinkError'> (0x00000000e1bcfb70) thrown at [C:\re\workspace\8-2-build-windows-amd64-cygwin\jdk8u161\10277\hotspot\src\share\vm\prims\jvm.cpp, line 3982]
Event: 10.904 Thread 0x00000000188c7000 Exception <a 'java/lang/UnsatisfiedLinkError'> (0x00000000e1bcfb70) thrown at [C:\re\workspace\8-2-build-windows-amd64-cygwin\jdk8u161\10277\hotspot\src\share\vm\prims\jni.cpp, line 709]
Event: 10.931 Thread 0x00000000188c7000 Exception <a 'java/lang/UnsatisfiedLinkError'> (0x00000000e1be8750) thrown at [C:\re\workspace\8-2-build-windows-amd64-cygwin\jdk8u161\10277\hotspot\src\share\vm\prims\jvm.cpp, line 3982]
Event: 10.931 Thread 0x00000000188c7000 Exception <a 'java/lang/UnsatisfiedLinkError'> (0x00000000e1be8750) thrown at [C:\re\workspace\8-2-build-windows-amd64-cygwin\jdk8u161\10277\hotspot\src\share\vm\prims\jni.cpp, line 709]
Event: 10.938 Thread 0x00000000188c7000 Exception <a 'java/lang/UnsatisfiedLinkError'> (0x00000000e1bfe668) thrown at [C:\re\workspace\8-2-build-windows-amd64-cygwin\jdk8u161\10277\hotspot\src\share\vm\prims\jvm.cpp, line 3982]
Event: 10.938 Thread 0x00000000188c7000 Exception <a 'java/lang/UnsatisfiedLinkError'> (0x00000000e1bfe668) thrown at [C:\re\workspace\8-2-build-windows-amd64-cygwin\jdk8u161\10277\hotspot\src\share\vm\prims\jni.cpp, line 709]
Event: 10.945 Thread 0x00000000188c7000 Exception <a 'java/lang/UnsatisfiedLinkError'> (0x00000000e1c14570) thrown at [C:\re\workspace\8-2-build-windows-amd64-cygwin\jdk8u161\10277\hotspot\src\share\vm\prims\jvm.cpp, line 3982]
Event: 10.945 Thread 0x00000000188c7000 Exception <a 'java/lang/UnsatisfiedLinkError'> (0x00000000e1c14570) thrown at [C:\re\workspace\8-2-build-windows-amd64-cygwin\jdk8u161\10277\hotspot\src\share\vm\prims\jni.cpp, line 709]
Event: 10.952 Thread 0x00000000188c7000 Exception <a 'java/lang/UnsatisfiedLinkError'> (0x00000000e1c260d8) thrown at [C:\re\workspace\8-2-build-windows-amd64-cygwin\jdk8u161\10277\hotspot\src\share\vm\prims\jvm.cpp, line 3982]
Event: 10.952 Thread 0x00000000188c7000 Exception <a 'java/lang/UnsatisfiedLinkError'> (0x00000000e1c260d8) thrown at [C:\re\workspace\8-2-build-windows-amd64-cygwin\jdk8u161\10277\hotspot\src\share\vm\prims\jni.cpp, line 709]

Events (10 events):
Event: 10.792 loading class org/bytedeco/javacpp/tesseract$PAGE_RES
Event: 10.792 loading class org/bytedeco/javacpp/tesseract$PAGE_RES done
Event: 10.792 loading class org/bytedeco/javacpp/tesseract$C_BLOB_IT
Event: 10.792 loading class org/bytedeco/javacpp/tesseract$C_BLOB_IT done
Event: 10.793 loading class org/bytedeco/javacpp/tesseract$BlamerBundle
Event: 10.793 loading class org/bytedeco/javacpp/tesseract$BlamerBundle done
Event: 10.793 loading class org/bytedeco/javacpp/tesseract$ImageThresholder
Event: 10.793 loading class org/bytedeco/javacpp/tesseract$ImageThresholder done
Event: 10.911 loading class sun/reflect/BootstrapConstructorAccessorImpl
Event: 10.911 loading class sun/reflect/BootstrapConstructorAccessorImpl done


Dynamic libraries:
0x00007ff7d5850000 - 0x00007ff7d5887000 	C:\ProgramData\Oracle\Java\javapath\java.exe
0x00007ffc2af10000 - 0x00007ffc2b0f1000 	C:\WINDOWS\SYSTEM32\ntdll.dll
0x00007ffc2a4f0000 - 0x00007ffc2a5a2000 	C:\WINDOWS\System32\KERNEL32.DLL
0x00007ffc28080000 - 0x00007ffc282f3000 	C:\WINDOWS\System32\KERNELBASE.dll
0x00007ffc2ae00000 - 0x00007ffc2aea1000 	C:\WINDOWS\System32\ADVAPI32.dll
0x00007ffc2a160000 - 0x00007ffc2a1fe000 	C:\WINDOWS\System32\msvcrt.dll
0x00007ffc2a200000 - 0x00007ffc2a25b000 	C:\WINDOWS\System32\sechost.dll
0x00007ffc2a270000 - 0x00007ffc2a394000 	C:\WINDOWS\System32\RPCRT4.dll
0x00007ffc29fd0000 - 0x00007ffc2a160000 	C:\WINDOWS\System32\USER32.dll
0x00007ffc27d80000 - 0x00007ffc27da0000 	C:\WINDOWS\System32\win32u.dll
0x00007ffc2aeb0000 - 0x00007ffc2aed8000 	C:\WINDOWS\System32\GDI32.dll
0x00007ffc272e0000 - 0x00007ffc27472000 	C:\WINDOWS\System32\gdi32full.dll
0x00007ffc28300000 - 0x00007ffc2839f000 	C:\WINDOWS\System32\msvcp_win.dll
0x00007ffc27df0000 - 0x00007ffc27eea000 	C:\WINDOWS\System32\ucrtbase.dll
0x00007ffc19080000 - 0x00007ffc192e9000 	C:\WINDOWS\WinSxS\amd64_microsoft.windows.common-controls_6595b64144ccf1df_6.0.17134.112_none_fb3f961b30681c12\COMCTL32.dll
0x00007ffc2aad0000 - 0x00007ffc2adf3000 	C:\WINDOWS\System32\combase.dll
0x00007ffc28000000 - 0x00007ffc2807a000 	C:\WINDOWS\System32\bcryptPrimitives.dll
0x00007ffc29e00000 - 0x00007ffc29e2d000 	C:\WINDOWS\System32\IMM32.DLL
0x000000006b880000 - 0x000000006b952000 	C:\Program Files\Java\jre1.8.0_161\bin\msvcr100.dll
0x0000000068890000 - 0x000000006912f000 	C:\Program Files\Java\jre1.8.0_161\bin\server\jvm.dll
0x00007ffc2a260000 - 0x00007ffc2a268000 	C:\WINDOWS\System32\PSAPI.DLL
0x00007ffc1ce40000 - 0x00007ffc1ce4a000 	C:\WINDOWS\SYSTEM32\VERSION.dll
0x00007ffc1ef90000 - 0x00007ffc1ef99000 	C:\WINDOWS\SYSTEM32\WSOCK32.dll
0x00007ffc21670000 - 0x00007ffc21693000 	C:\WINDOWS\SYSTEM32\WINMM.dll
0x00007ffc29a80000 - 0x00007ffc29aec000 	C:\WINDOWS\System32\WS2_32.dll
0x00007ffc1a740000 - 0x00007ffc1a76a000 	C:\WINDOWS\SYSTEM32\winmmbase.dll
0x00007ffc27da0000 - 0x00007ffc27de9000 	C:\WINDOWS\System32\cfgmgr32.dll
0x0000000070380000 - 0x000000007038f000 	C:\Program Files\Java\jre1.8.0_161\bin\verify.dll
0x000000006f4d0000 - 0x000000006f4f9000 	C:\Program Files\Java\jre1.8.0_161\bin\java.dll
0x000000006f4b0000 - 0x000000006f4c6000 	C:\Program Files\Java\jre1.8.0_161\bin\zip.dll
0x00007ffc28640000 - 0x00007ffc29a80000 	C:\WINDOWS\System32\SHELL32.dll
0x00007ffc2a440000 - 0x00007ffc2a4e9000 	C:\WINDOWS\System32\shcore.dll
0x00007ffc27670000 - 0x00007ffc27d7d000 	C:\WINDOWS\System32\windows.storage.dll
0x00007ffc29af0000 - 0x00007ffc29b41000 	C:\WINDOWS\System32\shlwapi.dll
0x00007ffc272c0000 - 0x00007ffc272d1000 	C:\WINDOWS\System32\kernel.appcore.dll
0x00007ffc27220000 - 0x00007ffc2723f000 	C:\WINDOWS\System32\profapi.dll
0x00007ffc27270000 - 0x00007ffc272bc000 	C:\WINDOWS\System32\powrprof.dll
0x00007ffc27240000 - 0x00007ffc2724a000 	C:\WINDOWS\System32\FLTLIB.DLL
0x0000000001290000 - 0x0000000001293000 	C:\Program Files\Java\jre1.8.0_161\bin\api-ms-win-core-console-l1-1-0.dll
0x00000000012a0000 - 0x00000000012a3000 	C:\Program Files\Java\jre1.8.0_161\bin\api-ms-win-core-datetime-l1-1-0.dll
0x00000000012b0000 - 0x00000000012b3000 	C:\Program Files\Java\jre1.8.0_161\bin\api-ms-win-core-debug-l1-1-0.dll
0x00000000012c0000 - 0x00000000012c3000 	C:\Program Files\Java\jre1.8.0_161\bin\api-ms-win-core-errorhandling-l1-1-0.dll
0x0000000002b80000 - 0x0000000002b84000 	C:\Program Files\Java\jre1.8.0_161\bin\api-ms-win-core-file-l1-1-0.dll
0x0000000002b90000 - 0x0000000002b93000 	C:\Program Files\Java\jre1.8.0_161\bin\api-ms-win-core-file-l1-2-0.dll
0x0000000002ba0000 - 0x0000000002ba3000 	C:\Program Files\Java\jre1.8.0_161\bin\api-ms-win-core-file-l2-1-0.dll
0x0000000002bb0000 - 0x0000000002bb3000 	C:\Program Files\Java\jre1.8.0_161\bin\api-ms-win-core-handle-l1-1-0.dll
0x0000000002cd0000 - 0x0000000002cd3000 	C:\Program Files\Java\jre1.8.0_161\bin\api-ms-win-core-heap-l1-1-0.dll
0x0000000002ce0000 - 0x0000000002ce3000 	C:\Program Files\Java\jre1.8.0_161\bin\api-ms-win-core-interlocked-l1-1-0.dll
0x0000000002cf0000 - 0x0000000002cf3000 	C:\Program Files\Java\jre1.8.0_161\bin\api-ms-win-core-libraryloader-l1-1-0.dll
0x0000000002d00000 - 0x0000000002d03000 	C:\Program Files\Java\jre1.8.0_161\bin\api-ms-win-core-localization-l1-2-0.dll
0x0000000002d10000 - 0x0000000002d13000 	C:\Program Files\Java\jre1.8.0_161\bin\api-ms-win-core-memory-l1-1-0.dll
0x0000000002d20000 - 0x0000000002d23000 	C:\Program Files\Java\jre1.8.0_161\bin\api-ms-win-core-namedpipe-l1-1-0.dll
0x0000000002d30000 - 0x0000000002d33000 	C:\Program Files\Java\jre1.8.0_161\bin\api-ms-win-core-processenvironment-l1-1-0.dll
0x0000000002d40000 - 0x0000000002d43000 	C:\Program Files\Java\jre1.8.0_161\bin\api-ms-win-core-processthreads-l1-1-0.dll
0x0000000002d50000 - 0x0000000002d53000 	C:\Program Files\Java\jre1.8.0_161\bin\api-ms-win-core-processthreads-l1-1-1.dll
0x0000000002d60000 - 0x0000000002d63000 	C:\Program Files\Java\jre1.8.0_161\bin\api-ms-win-core-profile-l1-1-0.dll
0x0000000002d70000 - 0x0000000002d73000 	C:\Program Files\Java\jre1.8.0_161\bin\api-ms-win-core-rtlsupport-l1-1-0.dll
0x0000000002d80000 - 0x0000000002d83000 	C:\Program Files\Java\jre1.8.0_161\bin\api-ms-win-core-string-l1-1-0.dll
0x0000000002d90000 - 0x0000000002d93000 	C:\Program Files\Java\jre1.8.0_161\bin\api-ms-win-core-synch-l1-1-0.dll
0x0000000002da0000 - 0x0000000002da3000 	C:\Program Files\Java\jre1.8.0_161\bin\api-ms-win-core-synch-l1-2-0.dll
0x00000000187a0000 - 0x00000000187a3000 	C:\Program Files\Java\jre1.8.0_161\bin\api-ms-win-core-sysinfo-l1-1-0.dll
0x00000000187b0000 - 0x00000000187b3000 	C:\Program Files\Java\jre1.8.0_161\bin\api-ms-win-core-timezone-l1-1-0.dll
0x00000000187c0000 - 0x00000000187c3000 	C:\Program Files\Java\jre1.8.0_161\bin\api-ms-win-core-util-l1-1-0.dll
0x00000000187d0000 - 0x00000000187d3000 	C:\Program Files\Java\jre1.8.0_161\bin\api-ms-win-crt-conio-l1-1-0.dll
0x00000000187e0000 - 0x00000000187e4000 	C:\Program Files\Java\jre1.8.0_161\bin\api-ms-win-crt-convert-l1-1-0.dll
0x00000000187f0000 - 0x00000000187f3000 	C:\Program Files\Java\jre1.8.0_161\bin\api-ms-win-crt-environment-l1-1-0.dll
0x0000000018800000 - 0x0000000018803000 	C:\Program Files\Java\jre1.8.0_161\bin\api-ms-win-crt-filesystem-l1-1-0.dll
0x0000000018810000 - 0x0000000018813000 	C:\Program Files\Java\jre1.8.0_161\bin\api-ms-win-crt-heap-l1-1-0.dll
0x0000000018820000 - 0x0000000018823000 	C:\Program Files\Java\jre1.8.0_161\bin\api-ms-win-crt-locale-l1-1-0.dll
0x0000000018830000 - 0x0000000018835000 	C:\Program Files\Java\jre1.8.0_161\bin\api-ms-win-crt-math-l1-1-0.dll
0x0000000018840000 - 0x0000000018845000 	C:\Program Files\Java\jre1.8.0_161\bin\api-ms-win-crt-multibyte-l1-1-0.dll
0x0000000018850000 - 0x0000000018860000 	C:\Program Files\Java\jre1.8.0_161\bin\api-ms-win-crt-private-l1-1-0.dll
0x0000000018860000 - 0x0000000018863000 	C:\Program Files\Java\jre1.8.0_161\bin\api-ms-win-crt-process-l1-1-0.dll
0x0000000018870000 - 0x0000000018874000 	C:\Program Files\Java\jre1.8.0_161\bin\api-ms-win-crt-runtime-l1-1-0.dll
0x0000000018880000 - 0x0000000018884000 	C:\Program Files\Java\jre1.8.0_161\bin\api-ms-win-crt-stdio-l1-1-0.dll
0x0000000018890000 - 0x0000000018894000 	C:\Program Files\Java\jre1.8.0_161\bin\api-ms-win-crt-string-l1-1-0.dll
0x00000000188a0000 - 0x00000000188a3000 	C:\Program Files\Java\jre1.8.0_161\bin\api-ms-win-crt-time-l1-1-0.dll
0x00000000188b0000 - 0x00000000188b3000 	C:\Program Files\Java\jre1.8.0_161\bin\api-ms-win-crt-utility-l1-1-0.dll
0x00007ffbf9750000 - 0x00007ffbf9846000 	C:\Program Files\Java\jre1.8.0_161\bin\ucrtbase.dll
0x00007ffc00380000 - 0x00007ffc003d1000 	C:\Program Files\Java\jre1.8.0_161\bin\concrt140.dll
0x00007ffc0b970000 - 0x00007ffc0b986000 	C:\WINDOWS\SYSTEM32\VCRUNTIME140.dll
0x00007ffbf96a0000 - 0x00007ffbf9747000 	C:\WINDOWS\SYSTEM32\MSVCP140.dll
0x00007ffc0ae90000 - 0x00007ffc0aea6000 	C:\Program Files\Java\jre1.8.0_161\bin\vcruntime140.dll
0x00007ffbf9600000 - 0x00007ffbf969c000 	C:\Program Files\Java\jre1.8.0_161\bin\msvcp140.dll
0x000000006f480000 - 0x000000006f4a3000 	C:\Program Files\Java\jre1.8.0_161\bin\prism_d3d.dll
0x00007ffbfd240000 - 0x00007ffbfd3d7000 	C:\WINDOWS\system32\d3d9.dll
0x00007ffc26010000 - 0x00007ffc26039000 	C:\WINDOWS\SYSTEM32\dwmapi.dll
0x00007ffc25ba0000 - 0x00007ffc25c38000 	C:\WINDOWS\system32\uxtheme.dll
0x00007ffbf77d0000 - 0x00007ffbf8886000 	C:\WINDOWS\SYSTEM32\nvd3dumx.dll
0x000000006c410000 - 0x000000006c459000 	C:\Program Files\Java\jre1.8.0_161\bin\glass.dll
0x00007ffc29bb0000 - 0x00007ffc29c9d000 	C:\WINDOWS\System32\COMDLG32.dll
0x00007ffc29ca0000 - 0x00007ffc29df1000 	C:\WINDOWS\System32\ole32.dll
0x00007ffc2aa00000 - 0x00007ffc2aac2000 	C:\WINDOWS\System32\OLEAUT32.dll
0x00007ffc29e50000 - 0x00007ffc29fc5000 	C:\WINDOWS\System32\MSCTF.dll
0x000000006f460000 - 0x000000006f474000 	C:\Program Files\Java\jre1.8.0_161\bin\javafx_font.dll
0x00007ffc13f80000 - 0x00007ffc1429c000 	C:\WINDOWS\SYSTEM32\dwrite.dll
0x00007ffc285a0000 - 0x00007ffc28640000 	C:\WINDOWS\System32\clbcatq.dll
0x00007ffc19e90000 - 0x00007ffc1a03e000 	C:\WINDOWS\SYSTEM32\WindowsCodecs.dll
0x00007ffc13de0000 - 0x00007ffc13e38000 	C:\WINDOWS\system32\dataexchange.dll
0x00007ffc249a0000 - 0x00007ffc24b3c000 	C:\WINDOWS\system32\dcomp.dll
0x00007ffc23c20000 - 0x00007ffc23f2b000 	C:\WINDOWS\system32\d3d11.dll
0x00007ffc25e80000 - 0x00007ffc25f3b000 	C:\WINDOWS\system32\dxgi.dll
0x00007ffc258d0000 - 0x00007ffc25a88000 	C:\WINDOWS\system32\twinapi.appcore.dll
0x00007ffc25a90000 - 0x00007ffc25ab1000 	C:\WINDOWS\system32\RMCLIENT.dll
0x00007ffc046c0000 - 0x00007ffc046f4000 	C:\Program Files\Common Files\Microsoft Shared\Ink\rtscom.dll
0x00007ffc1eed0000 - 0x00007ffc1ef68000 	C:\WINDOWS\System32\TextInputFramework.dll
0x00007ffc16800000 - 0x00007ffc16b1e000 	C:\WINDOWS\System32\CoreUIComponents.dll
0x00007ffc24c70000 - 0x00007ffc24d4a000 	C:\WINDOWS\System32\CoreMessaging.dll
0x00007ffc26310000 - 0x00007ffc26341000 	C:\WINDOWS\SYSTEM32\ntmarta.dll
0x00007ffc24610000 - 0x00007ffc2475d000 	C:\WINDOWS\SYSTEM32\wintypes.dll
0x000000006f3f0000 - 0x000000006f402000 	C:\Program Files\Java\jre1.8.0_161\bin\prism_common.dll
0x00007ffc25090000 - 0x00007ffc25244000 	C:\WINDOWS\system32\propsys.dll
0x00007ffc0b880000 - 0x00007ffc0b925000 	C:\Program Files\Common Files\microsoft shared\ink\tiptsf.dll
0x00007ffc214e0000 - 0x00007ffc21524000 	C:\WINDOWS\SYSTEM32\edputil.dll
0x00007ffc107b0000 - 0x00007ffc10c45000 	C:\WINDOWS\system32\explorerframe.dll
0x00007ffc17670000 - 0x00007ffc1781b000 	C:\WINDOWS\system32\DUI70.dll
0x00007ffc175d0000 - 0x00007ffc17663000 	C:\WINDOWS\system32\DUser.dll
0x00007ffc13d40000 - 0x00007ffc13d9c000 	C:\Windows\System32\thumbcache.dll
0x00007ffc24870000 - 0x00007ffc248ef000 	C:\WINDOWS\SYSTEM32\policymanager.dll
0x00007ffc24570000 - 0x00007ffc24601000 	C:\WINDOWS\SYSTEM32\msvcp110_win.dll
0x00007ffc0c580000 - 0x00007ffc0c709000 	C:\Windows\System32\Windows.Globalization.dll
0x00007ffc186f0000 - 0x00007ffc18740000 	C:\Windows\System32\Bcp47Langs.dll
0x00007ffc18180000 - 0x00007ffc181a9000 	C:\Windows\System32\bcp47mrm.dll
0x00007ffc1f860000 - 0x00007ffc1f88a000 	C:\WINDOWS\SYSTEM32\globinputhost.dll
0x00007ffc13c90000 - 0x00007ffc13d3b000 	C:\WINDOWS\System32\StructuredQuery.dll
0x00007ffc16b40000 - 0x00007ffc16b4c000 	C:\WINDOWS\SYSTEM32\atlthunk.dll
0x00007ffc0d980000 - 0x00007ffc0da3d000 	C:\WINDOWS\system32\Windows.Storage.Search.dll
0x00007ffc25720000 - 0x00007ffc2573d000 	C:\WINDOWS\SYSTEM32\CLDAPI.dll

VM Arguments:
java_command: OCR2.jar
java_class_path (initial): OCR2.jar
Launcher Type: SUN_STANDARD

Environment Variables:
PATH=C:\ProgramData\Oracle\Java\javapath;C:\WINDOWS\system32;C:\WINDOWS;C:\WINDOWS\System32\Wbem;C:\WINDOWS\System32\WindowsPowerShell\v1.0\;C:\Program Files\Git\cmd;C:\Program Files\nodejs\;C:\Program Files\CMake\bin;C:\Program Files\MATLAB\R2017a\bin;C:\MinGW\bin;C:\Program Files\gnuplot\bin;C:\WINDOWS\System32\OpenSSH\;C:\Program Files\PuTTY\;C:\Program Files\Java\jdk1.8.0_161\bin;C:\Users\dwado\AppData\Local\Microsoft\WindowsApps;C:\Users\dwado\AppData\Roaming\npm;C:\MinGW\bin;
USERNAME=dwado
OS=Windows_NT
PROCESSOR_IDENTIFIER=Intel64 Family 6 Model 37 Stepping 2, GenuineIntel



---------------  S Y S T E M  ---------------

OS: Windows 10.0 , 64 bit Build 17134 (10.0.17134.1)

CPU:total 4 (initial active 4) (2 cores per cpu, 2 threads per core) family 6 model 37 stepping 2, cmov, cx8, fxsr, mmx, sse, sse2, sse3, ssse3, sse4.1, sse4.2, popcnt, aes, clmul, ht, tsc, tscinvbit

Memory: 4k page, physical 6146732k(1105344k free), swap 8793180k(1571016k free)

vm_info: Java HotSpot(TM) 64-Bit Server VM (25.161-b12) for windows-amd64 JRE (1.8.0_161-b12), built on Dec 19 2017 17:52:25 by "java_re" with MS VC++ 10.0 (VS2010)

time: Mon Jun 18 18:52:29 2018
elapsed time: 11 seconds (0d 0h 0m 11s)

